#
# There is insufficient memory for the Java Runtime Environment to continue.
# Native memory allocation (malloc) failed to allocate 32744 bytes for ChunkPool::allocate
# Possible reasons:
#   The system is out of physical RAM or swap space
#   The process is running with CompressedOops enabled, and the Java Heap may be blocking the growth of the native heap
# Possible solutions:
#   Reduce memory load on the system
#   Increase physical memory or swap space
#   Check if swap backing store is full
#   Decrease Java heap size (-Xmx/-Xms)
#   Decrease number of Java threads
#   Decrease Java thread stack sizes (-Xss)
#   Set larger code cache with -XX:ReservedCodeCacheSize=
#   JVM is running with Unscaled Compressed Oops mode in which the Java heap is
#     placed in the first 4GB address space. The Java Heap base address is the
#     maximum limit for the native heap growth. Please use -XX:HeapBaseMinAddress
#     to set the Java Heap base and to place the Java Heap above 4GB virtual address.
# This output file may be truncated or incomplete.
#
#  Out of Memory Error (allocation.cpp:272), pid=7012, tid=0x00000000000056bc
#
# JRE version: OpenJDK Runtime Environment (8.0_212-b04) (build 1.8.0_212-release-1586-b04)
# Java VM: OpenJDK 64-Bit Server VM (25.212-b04 mixed mode windows-amd64 compressed oops)
# Failed to write core dump. Minidumps are not enabled by default on client versions of Windows
#

---------------  T H R E A D  ---------------

Current thread (0x000000001657a800):  JavaThread "C2 CompilerThread0" daemon [_thread_in_native, id=22204, stack(0x0000000017be0000,0x0000000017ce0000)]

Stack: [0x0000000017be0000,0x0000000017ce0000]
[error occurred during error reporting (printing stack bounds), id 0xc0000005]

Native frames: (J=compiled Java code, j=interpreted, Vv=VM code, C=native code)


Current CompileTask:
C2:2077238 16992 %     4       com.android.tools.r8.B.a.a.f::a @ 66 (6094 bytes)


---------------  P R O C E S S  ---------------

Java Threads: ( => current thread )
  0x000000001caef800 JavaThread "Cache worker for Java compile cache (C:\Users\LENOVO\Downloads\MyListViewApp\.gradle\5.6.4\javaCompile)" [_thread_blocked, id=21448, stack(0x00000000285e0000,0x00000000286e0000)]
  0x000000001f04f800 JavaThread "WorkerExecutor Queue Thread 4" [_thread_blocked, id=18152, stack(0x0000000026f10000,0x0000000027010000)]
  0x000000001f04b000 JavaThread "WorkerExecutor Queue Thread 3" [_thread_blocked, id=18620, stack(0x0000000024b70000,0x0000000024c70000)]
  0x000000001f04e800 JavaThread "stdout" [_thread_in_native, id=16108, stack(0x0000000024870000,0x0000000024970000)]
  0x000000001f04e000 JavaThread "stderr" [_thread_in_native, id=19860, stack(0x0000000024770000,0x0000000024870000)]
  0x000000001f04d000 JavaThread "WorkerExecutor Queue Thread 2" [_thread_in_Java, id=11508, stack(0x0000000024670000,0x0000000024770000)]
  0x000000001f050000 JavaThread "stdout" [_thread_in_native, id=23396, stack(0x0000000024570000,0x0000000024670000)]
  0x000000001f04c800 JavaThread "stderr" [_thread_in_native, id=12296, stack(0x0000000024470000,0x0000000024570000)]
  0x000000001f043800 JavaThread "pool-10-thread-1" [_thread_blocked, id=12092, stack(0x0000000024170000,0x0000000024270000)]
  0x000000001f048800 JavaThread "WorkerExecutor Queue" [_thread_blocked, id=14048, stack(0x0000000024070000,0x0000000024170000)]
  0x000000001f04a000 JavaThread "Cache worker for execution history cache (C:\Users\LENOVO\Downloads\MyListViewApp\.gradle\5.6.4\executionHistory)" [_thread_blocked, id=20072, stack(0x0000000023f70000,0x0000000024070000)]
  0x000000001f049800 JavaThread "Execution worker for ':' Thread 3" [_thread_blocked, id=19584, stack(0x0000000023c70000,0x0000000023d70000)]
  0x000000001f042800 JavaThread "Execution worker for ':' Thread 2" [_thread_blocked, id=6532, stack(0x0000000023370000,0x0000000023470000)]
  0x000000001f048000 JavaThread "Execution worker for ':'" [_thread_blocked, id=8092, stack(0x0000000023160000,0x0000000023260000)]
  0x000000001f046800 JavaThread "Cache worker for file content cache (C:\Users\LENOVO\Downloads\MyListViewApp\.gradle\5.6.4\fileContent)" [_thread_blocked, id=22360, stack(0x0000000021d30000,0x0000000021e30000)]
  0x000000001f045000 JavaThread "Cache worker for Build Output Cleanup Cache (C:\Users\LENOVO\Downloads\MyListViewApp\.gradle\buildOutputCleanup)" [_thread_blocked, id=6124, stack(0x0000000022560000,0x0000000022660000)]
  0x000000001f045800 JavaThread "pool-9-thread-1" [_thread_blocked, id=7484, stack(0x0000000021e40000,0x0000000021f40000)]
  0x000000001f047000 JavaThread "Build operations Thread 4" [_thread_blocked, id=22496, stack(0x0000000021c30000,0x0000000021d30000)]
  0x000000001f044000 JavaThread "Build operations Thread 3" [_thread_blocked, id=7580, stack(0x0000000021b30000,0x0000000021c30000)]
  0x000000001cc9a000 JavaThread "Build operations Thread 2" [_thread_blocked, id=16584, stack(0x0000000021a30000,0x0000000021b30000)]
  0x000000001cc9d000 JavaThread "Build operations" [_thread_blocked, id=16044, stack(0x0000000020120000,0x0000000020220000)]
  0x000000001cc9e800 JavaThread "Cache worker for cache directory md-rule (C:\Users\LENOVO\.gradle\caches\5.6.4\md-rule)" [_thread_blocked, id=7716, stack(0x0000000020020000,0x0000000020120000)]
  0x000000001cc9c000 JavaThread "Cache worker for cache directory md-supplier (C:\Users\LENOVO\.gradle\caches\5.6.4\md-supplier)" [_thread_blocked, id=10784, stack(0x000000001e6a0000,0x000000001e7a0000)]
  0x000000001cc92800 JavaThread "Cache worker for file hash cache (C:\Users\LENOVO\Downloads\MyListViewApp\.gradle\5.6.4\fileHashes)" [_thread_blocked, id=18344, stack(0x000000001be00000,0x000000001bf00000)]
  0x000000001cc99000 JavaThread "Thread-102" [_thread_blocked, id=14656, stack(0x000000001bb00000,0x000000001bc00000)]
  0x000000001cc96000 JavaThread "Stdin handler" [_thread_blocked, id=18640, stack(0x000000001ba00000,0x000000001bb00000)]
  0x000000001cc95800 JavaThread "Asynchronous log dispatcher for DefaultDaemonConnection: socket connection from /127.0.0.1:59320 to /127.0.0.1:59501" [_thread_blocked, id=22056, stack(0x000000001b700000,0x000000001b800000)]
  0x000000001cc94800 JavaThread "Daemon worker Thread 3" [_thread_blocked, id=18576, stack(0x000000001b600000,0x000000001b700000)]
  0x000000001cc97000 JavaThread "Cancel handler" [_thread_blocked, id=13708, stack(0x0000000001060000,0x0000000001160000)]
  0x000000001cc93000 JavaThread "Handler for socket connection from /127.0.0.1:59320 to /127.0.0.1:59501" [_thread_in_native, id=21868, stack(0x0000000000f60000,0x0000000001060000)]
  0x000000001cc97800 JavaThread "Daemon Thread 3" [_thread_blocked, id=1216, stack(0x0000000000e60000,0x0000000000f60000)]
  0x000000001cafc000 JavaThread "Cache worker for Java compile cache (C:\Users\LENOVO\.gradle\caches\5.6.4\javaCompile)" [_thread_blocked, id=17168, stack(0x0000000026e10000,0x0000000026f10000)]
  0x000000001cc98800 JavaThread "Cache worker for file content cache (C:\Users\LENOVO\.gradle\caches\5.6.4\fileContent)" [_thread_blocked, id=16096, stack(0x0000000023270000,0x0000000023370000)]
  0x000000001cc90000 JavaThread "Memory manager" [_thread_blocked, id=15712, stack(0x0000000023060000,0x0000000023160000)]
  0x000000001cc94000 JavaThread "Cache worker for execution history cache (C:\Users\LENOVO\.gradle\caches\5.6.4\executionHistory)" [_thread_blocked, id=3272, stack(0x0000000020220000,0x0000000020320000)]
  0x0000000019aaf800 JavaThread "Cache worker for journal cache (C:\Users\LENOVO\.gradle\caches\journal-1)" [_thread_blocked, id=22796, stack(0x000000001c100000,0x000000001c200000)]
  0x0000000019aae000 JavaThread "File lock request listener" [_thread_in_native, id=13808, stack(0x000000001c000000,0x000000001c100000)]
  0x0000000019ab3800 JavaThread "Cache worker for file hash cache (C:\Users\LENOVO\.gradle\caches\5.6.4\fileHashes)" [_thread_blocked, id=18524, stack(0x000000001bf00000,0x000000001c000000)]
  0x0000000019e50800 JavaThread "Daemon periodic checks" [_thread_blocked, id=20648, stack(0x000000001b500000,0x000000001b600000)]
  0x0000000019e4c800 JavaThread "Incoming local TCP Connector on port 59320" [_thread_in_native, id=13912, stack(0x000000001b2c0000,0x000000001b3c0000)]
  0x00000000182d6800 JavaThread "Daemon health stats" [_thread_blocked, id=13984, stack(0x000000001ac80000,0x000000001ad80000)]
  0x0000000017f08800 JavaThread "Service Thread" daemon [_thread_blocked, id=8716, stack(0x00000000182e0000,0x00000000183e0000)]
  0x0000000016589800 JavaThread "C1 CompilerThread2" daemon [_thread_blocked, id=7524, stack(0x0000000017de0000,0x0000000017ee0000)]
  0x000000001657d000 JavaThread "C2 CompilerThread1" daemon [_thread_in_native, id=11552, stack(0x0000000017ce0000,0x0000000017de0000)]
=>0x000000001657a800 JavaThread "C2 CompilerThread0" daemon [_thread_in_native, id=22204, stack(0x0000000017be0000,0x0000000017ce0000)]
  0x0000000016587000 JavaThread "Attach Listener" daemon [_thread_blocked, id=23312, stack(0x0000000017ae0000,0x0000000017be0000)]
  0x0000000016586000 JavaThread "Signal Dispatcher" daemon [_thread_blocked, id=744, stack(0x00000000179e0000,0x0000000017ae0000)]
  0x0000000002b0c000 JavaThread "Finalizer" daemon [_thread_blocked, id=10616, stack(0x00000000177e0000,0x00000000178e0000)]
  0x0000000016569000 JavaThread "Reference Handler" daemon [_thread_blocked, id=21176, stack(0x00000000176e0000,0x00000000177e0000)]
  0x0000000002bdd800 JavaThread "main" [_thread_blocked, id=20316, stack(0x0000000001160000,0x0000000001260000)]

Other Threads:
  0x0000000016546000 VMThread [stack: 0x00000000175e0000,0x00000000176e0000] [id=1116]
  0x00000000165de800 WatcherThread [stack: 0x00000000183e0000,0x00000000184e0000] [id=15056]

VM state:not at safepoint (normal execution)

VM Mutex/Monitor currently owned by a thread: None

OutOfMemory and StackOverflow Exception counts:
OutOfMemoryError java_heap_errors=1
StackOverflowErrors=1

heap address: 0x00000000a0000000, size: 1536 MB, Compressed Oops mode: 32-bit
Narrow klass base: 0x0000000000000000, Narrow klass shift: 3
Compressed class space size: 1073741824 Address: 0x0000000100000000

Heap:
 PSYoungGen      total 228352K, used 193985K [0x00000000e0000000, 0x00000000f1780000, 0x0000000100000000)
  eden space 220672K, 84% used [0x00000000e0000000,0x00000000eb5fe100,0x00000000ed780000)
  from space 7680K, 99% used [0x00000000f1000000,0x00000000f1772428,0x00000000f1780000)
  to   space 26624K, 0% used [0x00000000ee380000,0x00000000ee380000,0x00000000efd80000)
 ParOldGen       total 136704K, used 58845K [0x00000000a0000000, 0x00000000a8580000, 0x00000000e0000000)
  object space 136704K, 43% used [0x00000000a0000000,0x00000000a39776c0,0x00000000a8580000)
 Metaspace       used 87736K, capacity 91765K, committed 91904K, reserved 1128448K
  class space    used 11475K, capacity 12276K, committed 12288K, reserved 1048576K

Card table byte_map: [0x0000000011fd0000,0x00000000122e0000] byte_map_base: 0x0000000011ad0000

Marking Bits: (ParMarkBitMap*) 0x0000000077859f30
 Begin Bits: [0x00000000128e0000, 0x00000000140e0000)
 End Bits:   [0x00000000140e0000, 0x00000000158e0000)

Polling page: 0x0000000000c50000

CodeCache: size=245760Kb used=45524Kb max_used=45532Kb free=200235Kb
 bounds [0x0000000002c10000, 0x00000000058c0000, 0x0000000011c10000]
 total_blobs=14852 nmethods=13980 adapters=780
 compilation: disabled (not enough contiguous free space left)

Compilation events (10 events):
Event: 2077.165 Thread 0x0000000016589800 16991       3       com.android.tools.r8.dex.a$a$$Lambda$507/713183576::accept (14 bytes)
Event: 2077.165 Thread 0x0000000016589800 nmethod 16991 0x00000000058b1890 code [0x00000000058b1a00, 0x00000000058b1d08]
Event: 2077.166 Thread 0x000000001657d000 nmethod 16984 0x00000000058b5090 code [0x00000000058b5220, 0x00000000058b5e88]
Event: 2077.166 Thread 0x000000001657d000 16990       4       com.android.tools.r8.B.a.a.f::a (3659 bytes)
Event: 2077.170 Thread 0x0000000016589800 16993       3       com.android.tools.r8.graph.O0.a::a (429 bytes)
Event: 2077.174 Thread 0x0000000016589800 nmethod 16993 0x00000000058bb8d0 code [0x00000000058bbce0, 0x00000000058be508]
Event: 2077.196 Thread 0x000000001657a800 

Event: 2077.196 Thread 0x000000001657a800 16992 %     4       com.android.tools.r8.B.a.a.f::a @ 66 (6094 bytes)
Event: 2077.197 Thread 0x0000000016589800 16994       3       com.android.tools.r8.u.c.J::<init> (86 bytes)
Event: 2077.199 Thread 0x0000000016589800 


GC Heap History (10 events):
Event: 24.090 GC heap before
{Heap before GC invocations=17 (full 3):
 PSYoungGen      total 185344K, used 176938K [0x00000000e0000000, 0x00000000ee980000, 0x0000000100000000)
  eden space 166912K, 100% used [0x00000000e0000000,0x00000000ea300000,0x00000000ea300000)
  from space 18432K, 54% used [0x00000000ea300000,0x00000000eacca818,0x00000000eb500000)
  to   space 17920K, 0% used [0x00000000ed800000,0x00000000ed800000,0x00000000ee980000)
 ParOldGen       total 136704K, used 31114K [0x00000000a0000000, 0x00000000a8580000, 0x00000000e0000000)
  object space 136704K, 22% used [0x00000000a0000000,0x00000000a1e62978,0x00000000a8580000)
 Metaspace       used 65418K, capacity 67773K, committed 68096K, reserved 1107968K
  class space    used 8871K, capacity 9402K, committed 9472K, reserved 1048576K
Event: 24.134 GC heap after
Heap after GC invocations=17 (full 3):
 PSYoungGen      total 216576K, used 17906K [0x00000000e0000000, 0x00000000eee80000, 0x0000000100000000)
  eden space 198656K, 0% used [0x00000000e0000000,0x00000000e0000000,0x00000000ec200000)
  from space 17920K, 99% used [0x00000000ed800000,0x00000000ee97cbc8,0x00000000ee980000)
  to   space 22528K, 0% used [0x00000000ec200000,0x00000000ec200000,0x00000000ed800000)
 ParOldGen       total 136704K, used 36038K [0x00000000a0000000, 0x00000000a8580000, 0x00000000e0000000)
  object space 136704K, 26% used [0x00000000a0000000,0x00000000a2331ba8,0x00000000a8580000)
 Metaspace       used 65418K, capacity 67773K, committed 68096K, reserved 1107968K
  class space    used 8871K, capacity 9402K, committed 9472K, reserved 1048576K
}
Event: 30.271 GC heap before
{Heap before GC invocations=18 (full 3):
 PSYoungGen      total 216576K, used 216562K [0x00000000e0000000, 0x00000000eee80000, 0x0000000100000000)
  eden space 198656K, 100% used [0x00000000e0000000,0x00000000ec200000,0x00000000ec200000)
  from space 17920K, 99% used [0x00000000ed800000,0x00000000ee97cbc8,0x00000000ee980000)
  to   space 22528K, 0% used [0x00000000ec200000,0x00000000ec200000,0x00000000ed800000)
 ParOldGen       total 136704K, used 36038K [0x00000000a0000000, 0x00000000a8580000, 0x00000000e0000000)
  object space 136704K, 26% used [0x00000000a0000000,0x00000000a2331ba8,0x00000000a8580000)
 Metaspace       used 80656K, capacity 83997K, committed 84096K, reserved 1122304K
  class space    used 10976K, capacity 11640K, committed 11648K, reserved 1048576K
Event: 30.344 GC heap after
Heap after GC invocations=18 (full 3):
 PSYoungGen      total 221184K, used 15241K [0x00000000e0000000, 0x00000000f1280000, 0x0000000100000000)
  eden space 198656K, 0% used [0x00000000e0000000,0x00000000e0000000,0x00000000ec200000)
  from space 22528K, 67% used [0x00000000ec200000,0x00000000ed0e27f0,0x00000000ed800000)
  to   space 23040K, 0% used [0x00000000efc00000,0x00000000efc00000,0x00000000f1280000)
 ParOldGen       total 136704K, used 49505K [0x00000000a0000000, 0x00000000a8580000, 0x00000000e0000000)
  object space 136704K, 36% used [0x00000000a0000000,0x00000000a30586b0,0x00000000a8580000)
 Metaspace       used 80656K, capacity 83997K, committed 84096K, reserved 1122304K
  class space    used 10976K, capacity 11640K, committed 11648K, reserved 1048576K
}
Event: 775.443 GC heap before
{Heap before GC invocations=19 (full 3):
 PSYoungGen      total 221184K, used 213897K [0x00000000e0000000, 0x00000000f1280000, 0x0000000100000000)
  eden space 198656K, 100% used [0x00000000e0000000,0x00000000ec200000,0x00000000ec200000)
  from space 22528K, 67% used [0x00000000ec200000,0x00000000ed0e27f0,0x00000000ed800000)
  to   space 23040K, 0% used [0x00000000efc00000,0x00000000efc00000,0x00000000f1280000)
 ParOldGen       total 136704K, used 49505K [0x00000000a0000000, 0x00000000a8580000, 0x00000000e0000000)
  object space 136704K, 36% used [0x00000000a0000000,0x00000000a30586b0,0x00000000a8580000)
 Metaspace       used 85938K, capacity 89657K, committed 89856K, reserved 1126400K
  class space    used 11419K, capacity 12190K, committed 12288K, reserved 1048576K
Event: 775.480 GC heap after
Heap after GC invocations=19 (full 3):
 PSYoungGen      total 243712K, used 13036K [0x00000000e0000000, 0x00000000f0b00000, 0x0000000100000000)
  eden space 228352K, 0% used [0x00000000e0000000,0x00000000e0000000,0x00000000edf00000)
  from space 15360K, 84% used [0x00000000efc00000,0x00000000f08bb3f8,0x00000000f0b00000)
  to   space 22528K, 0% used [0x00000000edf00000,0x00000000edf00000,0x00000000ef500000)
 ParOldGen       total 136704K, used 49513K [0x00000000a0000000, 0x00000000a8580000, 0x00000000e0000000)
  object space 136704K, 36% used [0x00000000a0000000,0x00000000a305a6b0,0x00000000a8580000)
 Metaspace       used 85938K, capacity 89657K, committed 89856K, reserved 1126400K
  class space    used 11419K, capacity 12190K, committed 12288K, reserved 1048576K
}
Event: 781.065 GC heap before
{Heap before GC invocations=20 (full 3):
 PSYoungGen      total 243712K, used 241388K [0x00000000e0000000, 0x00000000f0b00000, 0x0000000100000000)
  eden space 228352K, 100% used [0x00000000e0000000,0x00000000edf00000,0x00000000edf00000)
  from space 15360K, 84% used [0x00000000efc00000,0x00000000f08bb3f8,0x00000000f0b00000)
  to   space 22528K, 0% used [0x00000000edf00000,0x00000000edf00000,0x00000000ef500000)
 ParOldGen       total 136704K, used 49513K [0x00000000a0000000, 0x00000000a8580000, 0x00000000e0000000)
  object space 136704K, 36% used [0x00000000a0000000,0x00000000a305a6b0,0x00000000a8580000)
 Metaspace       used 86588K, capacity 90371K, committed 90624K, reserved 1128448K
  class space    used 11437K, capacity 12211K, committed 12288K, reserved 1048576K
Event: 781.136 GC heap after
Heap after GC invocations=20 (full 3):
 PSYoungGen      total 250880K, used 22522K [0x00000000e0000000, 0x00000000f2a80000, 0x0000000100000000)
  eden space 228352K, 0% used [0x00000000e0000000,0x00000000e0000000,0x00000000edf00000)
  from space 22528K, 99% used [0x00000000edf00000,0x00000000ef4fe850,0x00000000ef500000)
  to   space 27136K, 0% used [0x00000000f1000000,0x00000000f1000000,0x00000000f2a80000)
 ParOldGen       total 136704K, used 53576K [0x00000000a0000000, 0x00000000a8580000, 0x00000000e0000000)
  object space 136704K, 39% used [0x00000000a0000000,0x00000000a3452020,0x00000000a8580000)
 Metaspace       used 86588K, capacity 90371K, committed 90624K, reserved 1128448K
  class space    used 11437K, capacity 12211K, committed 12288K, reserved 1048576K
}
Event: 2073.788 GC heap before
{Heap before GC invocations=21 (full 3):
 PSYoungGen      total 250880K, used 250874K [0x00000000e0000000, 0x00000000f2a80000, 0x0000000100000000)
  eden space 228352K, 100% used [0x00000000e0000000,0x00000000edf00000,0x00000000edf00000)
  from space 22528K, 99% used [0x00000000edf00000,0x00000000ef4fe850,0x00000000ef500000)
  to   space 27136K, 0% used [0x00000000f1000000,0x00000000f1000000,0x00000000f2a80000)
 ParOldGen       total 136704K, used 53576K [0x00000000a0000000, 0x00000000a8580000, 0x00000000e0000000)
  object space 136704K, 39% used [0x00000000a0000000,0x00000000a3452020,0x00000000a8580000)
 Metaspace       used 87420K, capacity 91435K, committed 91648K, reserved 1128448K
  class space    used 11474K, capacity 12275K, committed 12288K, reserved 1048576K
Event: 2073.815 GC heap after
Heap after GC invocations=21 (full 3):
 PSYoungGen      total 228352K, used 7625K [0x00000000e0000000, 0x00000000f1780000, 0x0000000100000000)
  eden space 220672K, 0% used [0x00000000e0000000,0x00000000e0000000,0x00000000ed780000)
  from space 7680K, 99% used [0x00000000f1000000,0x00000000f1772428,0x00000000f1780000)
  to   space 26624K, 0% used [0x00000000ee380000,0x00000000ee380000,0x00000000efd80000)
 ParOldGen       total 136704K, used 58845K [0x00000000a0000000, 0x00000000a8580000, 0x00000000e0000000)
  object space 136704K, 43% used [0x00000000a0000000,0x00000000a39776c0,0x00000000a8580000)
 Metaspace       used 87420K, capacity 91435K, committed 91648K, reserved 1128448K
  class space    used 11474K, capacity 12275K, committed 12288K, reserved 1048576K
}

Deoptimization events (10 events):
Event: 2076.860 Thread 0x000000001f049800 Uncommon trap: reason=unstable_if action=reinterpret pc=0x0000000005809f3c method=com.sun.tools.javac.code.Scope.lookup(Lcom/sun/tools/javac/util/Name;Lcom/sun/tools/javac/util/Filter;)Lcom/sun/tools/javac/code/Scope$Entry; @ 19
Event: 2076.869 Thread 0x000000001f049800 Uncommon trap: reason=unstable_if action=reinterpret pc=0x00000000057f20d8 method=com.sun.tools.javac.code.Scope.lookup(Lcom/sun/tools/javac/util/Name;Lcom/sun/tools/javac/util/Filter;)Lcom/sun/tools/javac/code/Scope$Entry; @ 19
Event: 2077.074 Thread 0x000000001cc94800 Uncommon trap: reason=array_check action=maybe_recompile pc=0x0000000005809570 method=java.util.ComparableTimSort.binarySort([Ljava/lang/Object;III)V @ 193
Event: 2077.101 Thread 0x000000001f04f800 Uncommon trap: reason=class_check action=maybe_recompile pc=0x0000000004229184 method=java.util.stream.Sink$ChainedReference.<init>(Ljava/util/stream/Sink;)V @ 9
Event: 2077.101 Thread 0x000000001f04f800 Uncommon trap: reason=class_check action=maybe_recompile pc=0x0000000004229184 method=java.util.stream.Sink$ChainedReference.<init>(Ljava/util/stream/Sink;)V @ 9
Event: 2077.116 Thread 0x000000001f04b000 Uncommon trap: reason=class_check action=maybe_recompile pc=0x0000000004229184 method=java.util.stream.Sink$ChainedReference.<init>(Ljava/util/stream/Sink;)V @ 9
Event: 2077.118 Thread 0x000000001f04f800 Uncommon trap: reason=class_check action=maybe_recompile pc=0x0000000004229184 method=java.util.stream.Sink$ChainedReference.<init>(Ljava/util/stream/Sink;)V @ 9
Event: 2077.158 Thread 0x000000001f04b000 Uncommon trap: reason=class_check action=maybe_recompile pc=0x000000000356ad80 method=java.lang.Throwable.<init>(Ljava/lang/String;Ljava/lang/Throwable;)V @ 24
Event: 2077.158 Thread 0x000000001f04b000 Uncommon trap: reason=class_check action=maybe_recompile pc=0x000000000356ad80 method=java.lang.Throwable.<init>(Ljava/lang/String;Ljava/lang/Throwable;)V @ 24
Event: 2077.159 Thread 0x000000001f04b000 Uncommon trap: reason=unstable_if action=reinterpret pc=0x00000000055ce160 method=org.gradle.internal.operations.DefaultBuildOperationExecutor$3.stop()V @ 61

Classes redefined (0 events):
No events

Internal exceptions (10 events):
Event: 788.626 Thread 0x000000001caf0000 Exception <a 'sun/nio/fs/WindowsException'> (0x00000000e940f7f0) thrown at [D:\src\AOSP-openjdk-cygwin\jdk8u\hotspot\src\share\vm\prims\jni.cpp, line 710]
Event: 2073.028 Thread 0x000000001cc94800 Exception <a 'sun/nio/fs/WindowsException'> (0x00000000eaa63378) thrown at [D:\src\AOSP-openjdk-cygwin\jdk8u\hotspot\src\share\vm\prims\jni.cpp, line 710]
Event: 2076.217 Thread 0x000000001f048800 Exception <a 'sun/nio/fs/WindowsException'> (0x00000000e545cfb8) thrown at [D:\src\AOSP-openjdk-cygwin\jdk8u\hotspot\src\share\vm\prims\jni.cpp, line 710]
Event: 2076.218 Thread 0x000000001f048800 Exception <a 'sun/nio/fs/WindowsException'> (0x00000000e545d460) thrown at [D:\src\AOSP-openjdk-cygwin\jdk8u\hotspot\src\share\vm\prims\jni.cpp, line 710]
Event: 2077.120 Thread 0x000000001f04f800 Exception <a 'sun/nio/fs/WindowsException'> (0x00000000ea5c6600) thrown at [D:\src\AOSP-openjdk-cygwin\jdk8u\hotspot\src\share\vm\prims\jni.cpp, line 710]
Event: 2077.133 Thread 0x000000001f04f800 Exception <a 'sun/nio/fs/WindowsException'> (0x00000000ea77bff8) thrown at [D:\src\AOSP-openjdk-cygwin\jdk8u\hotspot\src\share\vm\prims\jni.cpp, line 710]
Event: 2077.158 Thread 0x000000001f04b000 Exception <a 'java/lang/OutOfMemoryError'> (0x00000000eab4fd40) thrown at [D:\src\AOSP-openjdk-cygwin\jdk8u\hotspot\src\share\vm\prims\jni.cpp, line 736]
Event: 2077.159 Thread 0x000000001f04b000 StackOverflowError at 0x00000000030c2940
Event: 2077.159 Thread 0x000000001f04b000 Exception <a 'java/lang/StackOverflowError'> (0x00000000eab59ce8) thrown at [D:\src\AOSP-openjdk-cygwin\jdk8u\hotspot\src\share\vm\runtime\sharedRuntime.cpp, line 605]
Event: 2077.159 Thread 0x000000001f04b000 Exception <a 'java/lang/StackOverflowError'> (0x00000000eab59ce8) thrown at [D:\src\AOSP-openjdk-cygwin\jdk8u\hotspot\src\share\vm\prims\jvm.cpp, line 1506]

Events (10 events):
Event: 2077.158 loading class org/gradle/tooling/BuildException done
Event: 2077.158 loading class org/gradle/tooling/BuildException
Event: 2077.159 loading class org/gradle/tooling/BuildException done
Event: 2077.159 Thread 0x000000001f04b000 Uncommon trap: trap_request=0xffffff65 fr.pc=0x00000000055ce160
Event: 2077.159 Thread 0x000000001f04b000 DEOPT PACKING pc=0x00000000055ce160 sp=0x0000000024c6e8b0
Event: 2077.159 Thread 0x000000001f04b000 DEOPT UNPACKING pc=0x0000000002c5557b sp=0x0000000024c6e7c0 mode 2
Event: 2077.173 Thread 0x000000001657a800 flushing nmethod 0x0000000002d79390
Event: 2077.174 Thread 0x000000001657a800 flushing nmethod 0x0000000002e1ce50
Event: 2077.177 Thread 0x000000001657a800 flushing nmethod 0x0000000003670890
Event: 2077.178 Thread 0x000000001657a800 flushing nmethod 0x00000000038307d0


Dynamic libraries:
0x00007ff6efee0000 - 0x00007ff6eff11000 	C:\Program Files\Android\Android Studio\jre\bin\java.exe
0x00007ff939400000 - 0x00007ff9395f0000 	C:\WINDOWS\SYSTEM32\ntdll.dll
0x00007ff938790000 - 0x00007ff938842000 	C:\WINDOWS\System32\KERNEL32.DLL
0x00007ff936700000 - 0x00007ff9369a3000 	C:\WINDOWS\System32\KERNELBASE.dll
0x00007ff9386e0000 - 0x00007ff938783000 	C:\WINDOWS\System32\ADVAPI32.dll
0x00007ff938230000 - 0x00007ff9382ce000 	C:\WINDOWS\System32\msvcrt.dll
0x00007ff938bd0000 - 0x00007ff938c67000 	C:\WINDOWS\System32\sechost.dll
0x00007ff937890000 - 0x00007ff9379b0000 	C:\WINDOWS\System32\RPCRT4.dll
0x00007ff938a20000 - 0x00007ff938bb3000 	C:\WINDOWS\System32\USER32.dll
0x00007ff936630000 - 0x00007ff936651000 	C:\WINDOWS\System32\win32u.dll
0x00007ff939390000 - 0x00007ff9393b6000 	C:\WINDOWS\System32\GDI32.dll
0x00007ff936420000 - 0x00007ff9365b4000 	C:\WINDOWS\System32\gdi32full.dll
0x00007ff936660000 - 0x00007ff9366fe000 	C:\WINDOWS\System32\msvcp_win.dll
0x00007ff937310000 - 0x00007ff93740a000 	C:\WINDOWS\System32\ucrtbase.dll
0x00007ff927820000 - 0x00007ff927aa5000 	C:\WINDOWS\WinSxS\amd64_microsoft.windows.common-controls_6595b64144ccf1df_6.0.18362.175_none_e6c3ab1f131014c9\COMCTL32.dll
0x00007ff9382d0000 - 0x00007ff938606000 	C:\WINDOWS\System32\combase.dll
0x00007ff936b00000 - 0x00007ff936b81000 	C:\WINDOWS\System32\bcryptPrimitives.dll
0x00007ff939360000 - 0x00007ff93938e000 	C:\WINDOWS\System32\IMM32.DLL
0x00000000503b0000 - 0x0000000050482000 	C:\Program Files\Android\Android Studio\jre\jre\bin\msvcr100.dll
0x0000000077090000 - 0x00000000778d6000 	C:\Program Files\Android\Android Studio\jre\jre\bin\server\jvm.dll
0x00007ff938a10000 - 0x00007ff938a18000 	C:\WINDOWS\System32\PSAPI.DLL
0x00007ff931660000 - 0x00007ff931669000 	C:\WINDOWS\SYSTEM32\WSOCK32.dll
0x00007ff938860000 - 0x00007ff9388cf000 	C:\WINDOWS\System32\WS2_32.dll
0x00007ff92d480000 - 0x00007ff92d4a4000 	C:\WINDOWS\SYSTEM32\WINMM.dll
0x00007ff92d470000 - 0x00007ff92d47a000 	C:\WINDOWS\SYSTEM32\VERSION.dll
0x00007ff92d440000 - 0x00007ff92d46d000 	C:\WINDOWS\SYSTEM32\WINMMBASE.dll
0x00007ff9365c0000 - 0x00007ff93660a000 	C:\WINDOWS\System32\cfgmgr32.dll
0x00007ff92b620000 - 0x00007ff92b62f000 	C:\Program Files\Android\Android Studio\jre\jre\bin\verify.dll
0x00007ff92b5f0000 - 0x00007ff92b619000 	C:\Program Files\Android\Android Studio\jre\jre\bin\java.dll
0x00007ff9286f0000 - 0x00007ff928706000 	C:\Program Files\Android\Android Studio\jre\jre\bin\zip.dll
0x00007ff937a10000 - 0x00007ff9380f0000 	C:\WINDOWS\System32\SHELL32.dll
0x00007ff938c70000 - 0x00007ff938d19000 	C:\WINDOWS\System32\shcore.dll
0x00007ff936b90000 - 0x00007ff93730b000 	C:\WINDOWS\System32\windows.storage.dll
0x00007ff936300000 - 0x00007ff93631f000 	C:\WINDOWS\System32\profapi.dll
0x00007ff936340000 - 0x00007ff93638a000 	C:\WINDOWS\System32\powrprof.dll
0x00007ff9362d0000 - 0x00007ff9362e0000 	C:\WINDOWS\System32\UMPDC.dll
0x00007ff9389b0000 - 0x00007ff938a02000 	C:\WINDOWS\System32\shlwapi.dll
0x00007ff9362e0000 - 0x00007ff9362f1000 	C:\WINDOWS\System32\kernel.appcore.dll
0x00007ff936610000 - 0x00007ff936627000 	C:\WINDOWS\System32\cryptsp.dll
0x00007ff928060000 - 0x00007ff92807a000 	C:\Program Files\Android\Android Studio\jre\jre\bin\net.dll
0x00007ff92b3b0000 - 0x00007ff92b584000 	C:\WINDOWS\SYSTEM32\urlmon.dll
0x00007ff92abb0000 - 0x00007ff92ae56000 	C:\WINDOWS\SYSTEM32\iertutil.dll
0x00007ff935d10000 - 0x00007ff935d1c000 	C:\WINDOWS\SYSTEM32\CRYPTBASE.DLL
0x00007ff935b40000 - 0x00007ff935ba7000 	C:\WINDOWS\system32\mswsock.dll
0x00007ff927e20000 - 0x00007ff927e33000 	C:\Program Files\Android\Android Studio\jre\jre\bin\nio.dll
0x00007ff920be0000 - 0x00007ff920c06000 	C:\Users\LENOVO\.gradle\native\30\windows-amd64\native-platform.dll
0x00007ff928840000 - 0x00007ff92884d000 	C:\Program Files\Android\Android Studio\jre\jre\bin\management.dll
0x00007ff935700000 - 0x00007ff935733000 	C:\WINDOWS\system32\rsaenh.dll
0x00007ff9363f0000 - 0x00007ff936416000 	C:\WINDOWS\System32\bcrypt.dll
0x00007ff9361f0000 - 0x00007ff936215000 	C:\WINDOWS\SYSTEM32\USERENV.dll
0x00007ff9358a0000 - 0x00007ff9358da000 	C:\WINDOWS\SYSTEM32\IPHLPAPI.DLL
0x00007ff938850000 - 0x00007ff938858000 	C:\WINDOWS\System32\NSI.dll
0x00007ff930de0000 - 0x00007ff930df6000 	C:\WINDOWS\SYSTEM32\dhcpcsvc6.DLL
0x00007ff930ec0000 - 0x00007ff930edc000 	C:\WINDOWS\SYSTEM32\dhcpcsvc.DLL
0x00007ff9358f0000 - 0x00007ff9359ba000 	C:\WINDOWS\SYSTEM32\DNSAPI.dll

VM Arguments:
jvm_args: -Xmx1536m -Dfile.encoding=windows-1252 -Duser.country=US -Duser.language=en -Duser.variant 
java_command: org.gradle.launcher.daemon.bootstrap.GradleDaemon 5.6.4
java_class_path (initial): C:\Users\LENOVO\.gradle\wrapper\dists\gradle-5.6.4-all\ankdp27end7byghfw1q2sw75f\gradle-5.6.4\lib\gradle-launcher-5.6.4.jar
Launcher Type: SUN_STANDARD

Environment Variables:
JAVA_HOME=C:\Users\LENOVO\AppData\Local\Programs\AdoptOpenJDK\
PATH=C:\Python\Python38-32\Scripts\;C:\Python\Python38-32\;C:\WINDOWS\system32;C:\WINDOWS;C:\WINDOWS\System32\Wbem;C:\WINDOWS\System32\WindowsPowerShell\v1.0\;C:\WINDOWS\System32\OpenSSH\;C:\Program Files\nodejs\;C:\Program Files\Git\cmd;C:\Users\LENOVO\AppData\Local\Programs\AdoptOpenJDK\bin;C:\Users\LENOVO\AppData\Local\Programs\Python\Python38\Scripts\;C:\Users\LENOVO\AppData\Local\Programs\Python\Python38\;C:\Users\LENOVO\AppData\Local\Microsoft\WindowsApps;;C:\Users\LENOVO\AppData\Local\Programs\Microsoft VS Code\bin;C:\Users\LENOVO\AppData\Roaming\npm;C:\Program Files\JetBrains\PyCharm Community Edition 2019.3.2\bin;
USERNAME=LENOVO
OS=Windows_NT
PROCESSOR_IDENTIFIER=Intel64 Family 6 Model 69 Stepping 1, GenuineIntel



---------------  S Y S T E M  ---------------

OS: Windows 10.0 , 64 bit Build 18362 (10.0.18362.86)

CPU:total 4 (initial active 4) (2 cores per cpu, 2 threads per core) family 6 model 69 stepping 1, cmov, cx8, fxsr, mmx, sse, sse2, sse3, ssse3, sse4.1, sse4.2, popcnt, avx, avx2, aes, clmul, erms, lzcnt, ht, tsc, tscinvbit, bmi1, bmi2

Memory: 4k page, physical 8278296k(1151828k free), swap 33444120k(3088k free)

vm_info: OpenJDK 64-Bit Server VM (25.212-b04) for windows-amd64 JRE (1.8.0_212-release-1586-b04), built by "builder" with MS VC++ 10.0 (VS2010)

time: Wed Apr 15 04:33:39 2020
timezone: India Standard Time
elapsed time: 2077 seconds (0d 0h 34m 37s)

